<?xml version="1.0" encoding="UTF-8"?>
<!-- Generated by org.testng.reporters.JUnitReportReporter -->
<testsuite skipped="0" hostname="LAPTOP-FPM04VDU" name="basic.MyFirstScript" tests="1" failures="0" timestamp="22 Jul 2019 10:48:40 GMT" time="10.034" errors="0">
  <testcase name="testMavenBuild" time="10.034" classname="basic.MyFirstScript"/>
</testsuite> <!-- basic.MyFirstScript -->
